2023-05-30 10:02:10,269 - app - INFO - Flask app logging is set up.
2023-05-30 10:11:19,518 - app - INFO - Flask app logging is set up.
2023-05-30 10:11:19,518 - app - INFO - Flask app logging is set up.
2023-05-30 10:13:11,120 - app - ERROR - Error: 404 Not Found: The requested URL was not found on the server. If you entered the URL manually please check your spelling and try again., status: 404
2023-05-30 10:13:11,120 - app - ERROR - Error: 404 Not Found: The requested URL was not found on the server. If you entered the URL manually please check your spelling and try again., status: 404
2023-05-30 10:43:37,857 - app - INFO - Flask app logging is set up.
2023-05-30 10:43:37,857 - app - INFO - Flask app logging is set up.
2023-05-30 10:43:38,045 - app - INFO - Flask app logging is set up.
2023-05-30 10:43:38,045 - app - INFO - Flask app logging is set up.
2023-05-30 10:51:29,614 - app - ERROR - Error: 404 Not Found: The requested URL was not found on the server. If you entered the URL manually please check your spelling and try again., status: 404
2023-05-30 10:51:29,614 - app - ERROR - Error: 404 Not Found: The requested URL was not found on the server. If you entered the URL manually please check your spelling and try again., status: 404
2023-05-30 10:52:05,331 - app - INFO - Entered extract route handler
2023-05-30 10:52:05,331 - app - INFO - Entered extract route handler
2023-05-30 10:52:16,977 - app - INFO - Entered extract route handler
2023-05-30 10:52:16,977 - app - INFO - Entered extract route handler
2023-05-30 10:53:28,176 - app - INFO - Entered extract route handler
2023-05-30 10:53:28,176 - app - INFO - Entered extract route handler
2023-05-30 10:53:32,825 - app - ERROR - Error: 404 Not Found: The requested URL was not found on the server. If you entered the URL manually please check your spelling and try again., status: 404
2023-05-30 10:53:32,825 - app - ERROR - Error: 404 Not Found: The requested URL was not found on the server. If you entered the URL manually please check your spelling and try again., status: 404
2023-05-30 10:55:05,255 - app - INFO - Request received to /
2023-05-30 10:55:05,255 - app - INFO - Request received to /
2023-05-30 10:55:55,499 - app - INFO - Request received to /
2023-05-30 10:55:55,499 - app - INFO - Request received to /
2023-05-30 11:08:40,847 - app - ERROR - Error: 404 Not Found: The requested URL was not found on the server. If you entered the URL manually please check your spelling and try again., status: 404
2023-05-30 11:08:40,847 - app - ERROR - Error: 404 Not Found: The requested URL was not found on the server. If you entered the URL manually please check your spelling and try again., status: 404
2023-05-30 11:09:12,093 - app - INFO - Entered extract route handler
2023-05-30 11:09:12,093 - app - INFO - Entered extract route handler
2023-05-30 11:09:40,929 - app - INFO - Request received to /
2023-05-30 11:09:40,929 - app - INFO - Request received to /
2023-05-30 11:09:46,710 - app - ERROR - Error: 404 Not Found: The requested URL was not found on the server. If you entered the URL manually please check your spelling and try again., status: 404
2023-05-30 11:09:46,710 - app - ERROR - Error: 404 Not Found: The requested URL was not found on the server. If you entered the URL manually please check your spelling and try again., status: 404
2023-05-30 11:09:52,022 - app - ERROR - Error: 404 Not Found: The requested URL was not found on the server. If you entered the URL manually please check your spelling and try again., status: 404
2023-05-30 11:09:52,022 - app - ERROR - Error: 404 Not Found: The requested URL was not found on the server. If you entered the URL manually please check your spelling and try again., status: 404
2023-05-30 11:10:30,057 - app - ERROR - Error: 404 Not Found: The requested URL was not found on the server. If you entered the URL manually please check your spelling and try again., status: 404
2023-05-30 11:10:30,057 - app - ERROR - Error: 404 Not Found: The requested URL was not found on the server. If you entered the URL manually please check your spelling and try again., status: 404
2023-05-30 11:10:35,978 - app - ERROR - Error: 404 Not Found: The requested URL was not found on the server. If you entered the URL manually please check your spelling and try again., status: 404
2023-05-30 11:10:35,978 - app - ERROR - Error: 404 Not Found: The requested URL was not found on the server. If you entered the URL manually please check your spelling and try again., status: 404
2023-05-30 11:10:41,903 - app - ERROR - Error: 404 Not Found: The requested URL was not found on the server. If you entered the URL manually please check your spelling and try again., status: 404
2023-05-30 11:10:41,903 - app - ERROR - Error: 404 Not Found: The requested URL was not found on the server. If you entered the URL manually please check your spelling and try again., status: 404
2023-05-30 11:11:14,486 - app - INFO - Request received to /
2023-05-30 11:11:14,486 - app - INFO - Request received to /
2023-05-30 11:13:39,340 - app - INFO - Flask app logging is set up.
2023-05-30 11:13:39,340 - app - INFO - Flask app logging is set up.
2023-05-30 11:13:39,553 - app - INFO - Flask app logging is set up.
2023-05-30 11:13:39,553 - app - INFO - Flask app logging is set up.
2023-05-30 11:19:01,730 - app - INFO - Entered extract route handler
2023-05-30 11:19:01,730 - app - INFO - Entered extract route handler
2023-05-30 11:26:53,493 - app - INFO - Entered extract route handler
2023-05-30 11:26:53,493 - app - INFO - Entered extract route handler
2023-05-30 11:27:42,447 - app - INFO - Entered extract route handler
2023-05-30 11:27:42,447 - app - INFO - Entered extract route handler
2023-05-30 12:38:47,952 - app - ERROR - Error: 404 Not Found: The requested URL was not found on the server. If you entered the URL manually please check your spelling and try again., status: 404
2023-05-30 12:38:47,952 - app - ERROR - Error: 404 Not Found: The requested URL was not found on the server. If you entered the URL manually please check your spelling and try again., status: 404
2023-05-30 12:38:51,826 - app - ERROR - Error: 404 Not Found: The requested URL was not found on the server. If you entered the URL manually please check your spelling and try again., status: 404
2023-05-30 12:38:51,826 - app - ERROR - Error: 404 Not Found: The requested URL was not found on the server. If you entered the URL manually please check your spelling and try again., status: 404
2023-05-30 12:38:56,034 - app - ERROR - Error: 404 Not Found: The requested URL was not found on the server. If you entered the URL manually please check your spelling and try again., status: 404
2023-05-30 12:38:56,034 - app - ERROR - Error: 404 Not Found: The requested URL was not found on the server. If you entered the URL manually please check your spelling and try again., status: 404
2023-05-30 12:39:00,153 - app - ERROR - Error: 404 Not Found: The requested URL was not found on the server. If you entered the URL manually please check your spelling and try again., status: 404
2023-05-30 12:39:00,153 - app - ERROR - Error: 404 Not Found: The requested URL was not found on the server. If you entered the URL manually please check your spelling and try again., status: 404
2023-05-30 12:39:17,945 - app - ERROR - Error: 404 Not Found: The requested URL was not found on the server. If you entered the URL manually please check your spelling and try again., status: 404
2023-05-30 12:39:17,945 - app - ERROR - Error: 404 Not Found: The requested URL was not found on the server. If you entered the URL manually please check your spelling and try again., status: 404
2023-05-30 12:39:22,553 - app - ERROR - Error: 404 Not Found: The requested URL was not found on the server. If you entered the URL manually please check your spelling and try again., status: 404
2023-05-30 12:39:22,553 - app - ERROR - Error: 404 Not Found: The requested URL was not found on the server. If you entered the URL manually please check your spelling and try again., status: 404
2023-05-30 12:39:49,279 - app - ERROR - Error: 404 Not Found: The requested URL was not found on the server. If you entered the URL manually please check your spelling and try again., status: 404
2023-05-30 12:39:49,279 - app - ERROR - Error: 404 Not Found: The requested URL was not found on the server. If you entered the URL manually please check your spelling and try again., status: 404
2023-05-30 12:42:56,832 - app - ERROR - Error: 404 Not Found: The requested URL was not found on the server. If you entered the URL manually please check your spelling and try again., status: 404
2023-05-30 12:42:56,832 - app - ERROR - Error: 404 Not Found: The requested URL was not found on the server. If you entered the URL manually please check your spelling and try again., status: 404
2023-05-30 13:05:10,564 - app - ERROR - Error: 404 Not Found: The requested URL was not found on the server. If you entered the URL manually please check your spelling and try again., status: 404
2023-05-30 13:05:10,564 - app - ERROR - Error: 404 Not Found: The requested URL was not found on the server. If you entered the URL manually please check your spelling and try again., status: 404
2023-05-30 13:06:12,931 - app - INFO - Flask app logging is set up.
2023-05-30 13:06:12,931 - app - INFO - Flask app logging is set up.
2023-05-30 13:08:26,545 - app - INFO - Flask app logging is set up.
2023-05-30 13:08:26,545 - app - INFO - Flask app logging is set up.
2023-05-30 13:08:26,810 - app - INFO - Flask app logging is set up.
2023-05-30 13:08:26,810 - app - INFO - Flask app logging is set up.
2023-05-30 13:08:29,857 - app - INFO - Entered extract route handler
2023-05-30 13:08:29,857 - app - INFO - Entered extract route handler
2023-05-30 13:10:46,781 - app - INFO - Entered extract route handler
2023-05-30 13:10:46,781 - app - INFO - Entered extract route handler
2023-05-30 13:13:55,607 - app - INFO - Entered extract route handler
2023-05-30 13:13:55,607 - app - INFO - Entered extract route handler
2023-05-30 13:14:45,500 - app - INFO - Entered extract route handler
2023-05-30 13:14:45,500 - app - INFO - Entered extract route handler
2023-05-30 14:09:13,642 - app - INFO - Flask app logging is set up.
2023-05-30 14:09:13,642 - app - INFO - Flask app logging is set up.
2023-05-30 14:09:56,647 - app - INFO - Flask app logging is set up.
2023-05-30 14:09:56,647 - app - INFO - Flask app logging is set up.
2023-05-30 14:09:59,077 - app - INFO - Flask app logging is set up.
2023-05-30 14:09:59,077 - app - INFO - Flask app logging is set up.
2023-05-30 15:26:26,588 - app - ERROR - Error: 404 Not Found: The requested URL was not found on the server. If you entered the URL manually please check your spelling and try again., status: 404
2023-05-30 15:26:26,588 - app - ERROR - Error: 404 Not Found: The requested URL was not found on the server. If you entered the URL manually please check your spelling and try again., status: 404
2023-05-30 15:26:27,662 - app - ERROR - Error: 404 Not Found: The requested URL was not found on the server. If you entered the URL manually please check your spelling and try again., status: 404
2023-05-30 15:26:27,662 - app - ERROR - Error: 404 Not Found: The requested URL was not found on the server. If you entered the URL manually please check your spelling and try again., status: 404
2023-05-30 17:53:22,507 - app - ERROR - Error: 404 Not Found: The requested URL was not found on the server. If you entered the URL manually please check your spelling and try again., status: 404
2023-05-30 17:53:22,507 - app - ERROR - Error: 404 Not Found: The requested URL was not found on the server. If you entered the URL manually please check your spelling and try again., status: 404
2023-05-30 17:53:22,638 - app - ERROR - Error: 404 Not Found: The requested URL was not found on the server. If you entered the URL manually please check your spelling and try again., status: 404
2023-05-30 17:53:22,638 - app - ERROR - Error: 404 Not Found: The requested URL was not found on the server. If you entered the URL manually please check your spelling and try again., status: 404
2023-05-30 18:06:31,911 - app - ERROR - Error: 404 Not Found: The requested URL was not found on the server. If you entered the URL manually please check your spelling and try again., status: 404
2023-05-30 18:06:32,143 - app - ERROR - Error: 404 Not Found: The requested URL was not found on the server. If you entered the URL manually please check your spelling and try again., status: 404
2023-05-30 18:06:32,235 - app - ERROR - Error: 404 Not Found: The requested URL was not found on the server. If you entered the URL manually please check your spelling and try again., status: 404
2023-05-30 21:37:02,135 - app - INFO - Flask app logging is set up.
2023-05-31 13:36:10,343 - app - INFO - Flask app logging is set up.
2023-06-09 12:40:27,826 - app - ERROR - Error: 404 Not Found: The requested URL was not found on the server. If you entered the URL manually please check your spelling and try again., status: 404
2023-06-09 12:49:36,896 - app - ERROR - Error: 404 Not Found: The requested URL was not found on the server. If you entered the URL manually please check your spelling and try again., status: 404
2023-06-09 12:50:39,834 - app - ERROR - Error: 404 Not Found: The requested URL was not found on the server. If you entered the URL manually please check your spelling and try again., status: 404
2023-06-12 06:09:31,141 - app - ERROR - Error: 404 Not Found: The requested URL was not found on the server. If you entered the URL manually please check your spelling and try again., status: 404
2023-06-12 06:09:31,354 - app - ERROR - Error: 404 Not Found: The requested URL was not found on the server. If you entered the URL manually please check your spelling and try again., status: 404
2023-06-13 14:05:25,007 - app - ERROR - Error: 404 Not Found: The requested URL was not found on the server. If you entered the URL manually please check your spelling and try again., status: 404
2023-06-13 14:05:25,105 - app - ERROR - Error: 404 Not Found: The requested URL was not found on the server. If you entered the URL manually please check your spelling and try again., status: 404
2023-06-14 19:00:12,839 - app - ERROR - Error: 404 Not Found: The requested URL was not found on the server. If you entered the URL manually please check your spelling and try again., status: 404
2023-06-14 19:00:15,385 - app - ERROR - Error: 404 Not Found: The requested URL was not found on the server. If you entered the URL manually please check your spelling and try again., status: 404
2023-06-14 21:07:04,815 - app - ERROR - Error: 404 Not Found: The requested URL was not found on the server. If you entered the URL manually please check your spelling and try again., status: 404
2023-06-14 21:07:05,313 - app - ERROR - Error: 404 Not Found: The requested URL was not found on the server. If you entered the URL manually please check your spelling and try again., status: 404
2023-06-14 21:07:05,683 - app - ERROR - Error: 404 Not Found: The requested URL was not found on the server. If you entered the URL manually please check your spelling and try again., status: 404
2023-06-14 21:07:06,060 - app - ERROR - Error: 404 Not Found: The requested URL was not found on the server. If you entered the URL manually please check your spelling and try again., status: 404
2023-06-15 00:09:50,017 - app - ERROR - Exception on /api/extract [POST]
Traceback (most recent call last):
  File "/var/www/html/app/env/lib/python3.10/site-packages/flask/app.py", line 2190, in wsgi_app
    response = self.full_dispatch_request()
  File "/var/www/html/app/env/lib/python3.10/site-packages/flask/app.py", line 1486, in full_dispatch_request
    rv = self.handle_user_exception(e)
  File "/var/www/html/app/env/lib/python3.10/site-packages/flask/app.py", line 1484, in full_dispatch_request
    rv = self.dispatch_request()
  File "/var/www/html/app/env/lib/python3.10/site-packages/flask/app.py", line 1469, in dispatch_request
    return self.ensure_sync(self.view_functions[rule.endpoint])(**view_args)
  File "/var/www/html/app/app.py", line 122, in extract
    print("\n")  # This will print a line break.
OSError: [Errno 5] Input/output error
2023-06-15 00:09:50,020 - app - ERROR - Error: 500 Internal Server Error: The server encountered an internal error and was unable to complete your request. Either the server is overloaded or there is an error in the application., status: 500
2023-06-15 00:10:40,723 - app - ERROR - Exception on /api/extract [POST]
Traceback (most recent call last):
  File "/var/www/html/app/env/lib/python3.10/site-packages/flask/app.py", line 2190, in wsgi_app
    response = self.full_dispatch_request()
  File "/var/www/html/app/env/lib/python3.10/site-packages/flask/app.py", line 1486, in full_dispatch_request
    rv = self.handle_user_exception(e)
  File "/var/www/html/app/env/lib/python3.10/site-packages/flask/app.py", line 1484, in full_dispatch_request
    rv = self.dispatch_request()
  File "/var/www/html/app/env/lib/python3.10/site-packages/flask/app.py", line 1469, in dispatch_request
    return self.ensure_sync(self.view_functions[rule.endpoint])(**view_args)
  File "/var/www/html/app/app.py", line 122, in extract
    print("\n")  # This will print a line break.
OSError: [Errno 5] Input/output error
2023-06-15 00:10:40,724 - app - ERROR - Error: 500 Internal Server Error: The server encountered an internal error and was unable to complete your request. Either the server is overloaded or there is an error in the application., status: 500
2023-06-15 00:11:37,014 - app - ERROR - Exception on /api/extract [POST]
Traceback (most recent call last):
  File "/var/www/html/app/env/lib/python3.10/site-packages/flask/app.py", line 2190, in wsgi_app
    response = self.full_dispatch_request()
  File "/var/www/html/app/env/lib/python3.10/site-packages/flask/app.py", line 1486, in full_dispatch_request
    rv = self.handle_user_exception(e)
  File "/var/www/html/app/env/lib/python3.10/site-packages/flask/app.py", line 1484, in full_dispatch_request
    rv = self.dispatch_request()
  File "/var/www/html/app/env/lib/python3.10/site-packages/flask/app.py", line 1469, in dispatch_request
    return self.ensure_sync(self.view_functions[rule.endpoint])(**view_args)
  File "/var/www/html/app/app.py", line 122, in extract
    print("\n")  # This will print a line break.
OSError: [Errno 5] Input/output error
2023-06-15 00:11:37,015 - app - ERROR - Error: 500 Internal Server Error: The server encountered an internal error and was unable to complete your request. Either the server is overloaded or there is an error in the application., status: 500
2023-06-15 00:13:53,806 - app - ERROR - Exception on /api/extract [POST]
Traceback (most recent call last):
  File "/var/www/html/app/env/lib/python3.10/site-packages/flask/app.py", line 2190, in wsgi_app
    response = self.full_dispatch_request()
  File "/var/www/html/app/env/lib/python3.10/site-packages/flask/app.py", line 1486, in full_dispatch_request
    rv = self.handle_user_exception(e)
  File "/var/www/html/app/env/lib/python3.10/site-packages/flask/app.py", line 1484, in full_dispatch_request
    rv = self.dispatch_request()
  File "/var/www/html/app/env/lib/python3.10/site-packages/flask/app.py", line 1469, in dispatch_request
    return self.ensure_sync(self.view_functions[rule.endpoint])(**view_args)
  File "/var/www/html/app/app.py", line 122, in extract
    print("\n")  # This will print a line break.
OSError: [Errno 5] Input/output error
2023-06-15 00:13:53,807 - app - ERROR - Error: 500 Internal Server Error: The server encountered an internal error and was unable to complete your request. Either the server is overloaded or there is an error in the application., status: 500
2023-06-15 00:18:22,102 - app - ERROR - Exception on /api/extract [POST]
Traceback (most recent call last):
  File "/var/www/html/app/env/lib/python3.10/site-packages/flask/app.py", line 2190, in wsgi_app
    response = self.full_dispatch_request()
  File "/var/www/html/app/env/lib/python3.10/site-packages/flask/app.py", line 1486, in full_dispatch_request
    rv = self.handle_user_exception(e)
  File "/var/www/html/app/env/lib/python3.10/site-packages/flask/app.py", line 1484, in full_dispatch_request
    rv = self.dispatch_request()
  File "/var/www/html/app/env/lib/python3.10/site-packages/flask/app.py", line 1469, in dispatch_request
    return self.ensure_sync(self.view_functions[rule.endpoint])(**view_args)
  File "/var/www/html/app/app.py", line 155, in extract
    return jsonify({"brandName": sanitized_bran_name})
NameError: name 'sanitized_bran_name' is not defined
2023-06-15 00:18:22,105 - app - ERROR - Error: 500 Internal Server Error: The server encountered an internal error and was unable to complete your request. Either the server is overloaded or there is an error in the application., status: 500
2023-06-15 00:19:37,849 - app - ERROR - Exception on /api/extract [POST]
Traceback (most recent call last):
  File "/var/www/html/app/env/lib/python3.10/site-packages/flask/app.py", line 2190, in wsgi_app
    response = self.full_dispatch_request()
  File "/var/www/html/app/env/lib/python3.10/site-packages/flask/app.py", line 1486, in full_dispatch_request
    rv = self.handle_user_exception(e)
  File "/var/www/html/app/env/lib/python3.10/site-packages/flask/app.py", line 1484, in full_dispatch_request
    rv = self.dispatch_request()
  File "/var/www/html/app/env/lib/python3.10/site-packages/flask/app.py", line 1469, in dispatch_request
    return self.ensure_sync(self.view_functions[rule.endpoint])(**view_args)
  File "/var/www/html/app/app.py", line 155, in extract
    return jsonify({"brandName": brand_name})
NameError: name 'sanitized_bran_name' is not defined
2023-06-15 00:19:37,850 - app - ERROR - Error: 500 Internal Server Error: The server encountered an internal error and was unable to complete your request. Either the server is overloaded or there is an error in the application., status: 500
2023-06-15 00:19:39,525 - app - ERROR - Exception on /api/extract [POST]
Traceback (most recent call last):
  File "/var/www/html/app/env/lib/python3.10/site-packages/flask/app.py", line 2190, in wsgi_app
    response = self.full_dispatch_request()
  File "/var/www/html/app/env/lib/python3.10/site-packages/flask/app.py", line 1486, in full_dispatch_request
    rv = self.handle_user_exception(e)
  File "/var/www/html/app/env/lib/python3.10/site-packages/flask/app.py", line 1484, in full_dispatch_request
    rv = self.dispatch_request()
  File "/var/www/html/app/env/lib/python3.10/site-packages/flask/app.py", line 1469, in dispatch_request
    return self.ensure_sync(self.view_functions[rule.endpoint])(**view_args)
  File "/var/www/html/app/app.py", line 155, in extract
    return jsonify({"brandName": brand_name})
NameError: name 'sanitized_bran_name' is not defined
2023-06-15 00:19:39,526 - app - ERROR - Error: 500 Internal Server Error: The server encountered an internal error and was unable to complete your request. Either the server is overloaded or there is an error in the application., status: 500
2023-06-15 01:15:42,379 - app - ERROR - Error: 404 Not Found: The requested URL was not found on the server. If you entered the URL manually please check your spelling and try again., status: 404
2023-06-15 01:15:44,328 - app - ERROR - Error: 404 Not Found: The requested URL was not found on the server. If you entered the URL manually please check your spelling and try again., status: 404
2023-06-15 01:15:48,310 - app - ERROR - Error: 404 Not Found: The requested URL was not found on the server. If you entered the URL manually please check your spelling and try again., status: 404
2023-06-15 04:16:41,261 - app - ERROR - Error: 404 Not Found: The requested URL was not found on the server. If you entered the URL manually please check your spelling and try again., status: 404
2023-06-15 05:48:08,677 - app - ERROR - Error: 404 Not Found: The requested URL was not found on the server. If you entered the URL manually please check your spelling and try again., status: 404
2023-06-15 09:13:55,659 - app - ERROR - Error: 404 Not Found: The requested URL was not found on the server. If you entered the URL manually please check your spelling and try again., status: 404
2023-06-15 09:14:06,236 - app - ERROR - Error: 404 Not Found: The requested URL was not found on the server. If you entered the URL manually please check your spelling and try again., status: 404
2023-06-15 09:38:04,572 - app - ERROR - Exception on /api/extract [POST]
Traceback (most recent call last):
  File "/var/www/html/app/env/lib/python3.10/site-packages/flask/app.py", line 2190, in wsgi_app
    response = self.full_dispatch_request()
  File "/var/www/html/app/env/lib/python3.10/site-packages/flask/app.py", line 1486, in full_dispatch_request
    rv = self.handle_user_exception(e)
  File "/var/www/html/app/env/lib/python3.10/site-packages/flask/app.py", line 1484, in full_dispatch_request
    rv = self.dispatch_request()
  File "/var/www/html/app/env/lib/python3.10/site-packages/flask/app.py", line 1469, in dispatch_request
    return self.ensure_sync(self.view_functions[rule.endpoint])(**view_args)
  File "/var/www/html/app/app.py", line 130, in extract
    print("\n")  # This will print a line break.
OSError: [Errno 5] Input/output error
2023-06-15 09:38:04,576 - app - ERROR - Error: 500 Internal Server Error: The server encountered an internal error and was unable to complete your request. Either the server is overloaded or there is an error in the application., status: 500
2023-06-15 10:42:08,900 - app - ERROR - Error: 404 Not Found: The requested URL was not found on the server. If you entered the URL manually please check your spelling and try again., status: 404
2023-06-15 10:42:10,479 - app - ERROR - Error: 404 Not Found: The requested URL was not found on the server. If you entered the URL manually please check your spelling and try again., status: 404
2023-06-15 10:42:16,646 - app - ERROR - Error: 404 Not Found: The requested URL was not found on the server. If you entered the URL manually please check your spelling and try again., status: 404
2023-06-15 10:47:42,917 - app - ERROR - Error: 404 Not Found: The requested URL was not found on the server. If you entered the URL manually please check your spelling and try again., status: 404
2023-06-15 12:41:04,356 - app - ERROR - Error: 404 Not Found: The requested URL was not found on the server. If you entered the URL manually please check your spelling and try again., status: 404
2023-06-15 12:57:56,096 - app - ERROR - Error: 404 Not Found: The requested URL was not found on the server. If you entered the URL manually please check your spelling and try again., status: 404
2023-06-15 15:36:27,958 - app - ERROR - Error: 404 Not Found: The requested URL was not found on the server. If you entered the URL manually please check your spelling and try again., status: 404
2023-06-15 16:39:03,322 - app - ERROR - Error: 404 Not Found: The requested URL was not found on the server. If you entered the URL manually please check your spelling and try again., status: 404
2023-06-15 16:39:03,375 - app - ERROR - Error: 404 Not Found: The requested URL was not found on the server. If you entered the URL manually please check your spelling and try again., status: 404
2023-06-15 20:39:53,628 - app - ERROR - Error: 404 Not Found: The requested URL was not found on the server. If you entered the URL manually please check your spelling and try again., status: 404
2023-06-15 20:59:16,810 - app - ERROR - Error: 404 Not Found: The requested URL was not found on the server. If you entered the URL manually please check your spelling and try again., status: 404
2023-06-15 20:59:16,824 - app - ERROR - Error: 404 Not Found: The requested URL was not found on the server. If you entered the URL manually please check your spelling and try again., status: 404
2023-06-15 23:21:34,129 - app - ERROR - Error: 404 Not Found: The requested URL was not found on the server. If you entered the URL manually please check your spelling and try again., status: 404
2023-06-16 00:20:13,098 - app - ERROR - Error: 404 Not Found: The requested URL was not found on the server. If you entered the URL manually please check your spelling and try again., status: 404
2023-06-16 00:20:13,100 - app - ERROR - Error: 404 Not Found: The requested URL was not found on the server. If you entered the URL manually please check your spelling and try again., status: 404
2023-06-16 00:20:13,580 - app - ERROR - Error: 404 Not Found: The requested URL was not found on the server. If you entered the URL manually please check your spelling and try again., status: 404
2023-06-16 00:20:31,044 - app - ERROR - Error: 404 Not Found: The requested URL was not found on the server. If you entered the URL manually please check your spelling and try again., status: 404
2023-06-16 00:20:35,894 - app - ERROR - Error: 404 Not Found: The requested URL was not found on the server. If you entered the URL manually please check your spelling and try again., status: 404
2023-06-16 00:26:21,450 - app - ERROR - Error: 404 Not Found: The requested URL was not found on the server. If you entered the URL manually please check your spelling and try again., status: 404
2023-06-16 00:26:40,883 - app - ERROR - Error: 404 Not Found: The requested URL was not found on the server. If you entered the URL manually please check your spelling and try again., status: 404
2023-06-16 00:26:43,918 - app - ERROR - Error: 404 Not Found: The requested URL was not found on the server. If you entered the URL manually please check your spelling and try again., status: 404
2023-06-16 00:26:46,790 - app - ERROR - Error: 404 Not Found: The requested URL was not found on the server. If you entered the URL manually please check your spelling and try again., status: 404
2023-06-16 01:46:00,329 - app - ERROR - Error: 404 Not Found: The requested URL was not found on the server. If you entered the URL manually please check your spelling and try again., status: 404
2023-06-16 02:24:16,304 - app - ERROR - Error: 404 Not Found: The requested URL was not found on the server. If you entered the URL manually please check your spelling and try again., status: 404
2023-06-16 04:24:31,889 - app - ERROR - Error: 404 Not Found: The requested URL was not found on the server. If you entered the URL manually please check your spelling and try again., status: 404
2023-06-16 06:32:46,481 - app - ERROR - Error: 404 Not Found: The requested URL was not found on the server. If you entered the URL manually please check your spelling and try again., status: 404
2023-06-16 06:58:33,303 - app - ERROR - Error: 404 Not Found: The requested URL was not found on the server. If you entered the URL manually please check your spelling and try again., status: 404
2023-06-16 13:21:36,373 - app - ERROR - Error: 404 Not Found: The requested URL was not found on the server. If you entered the URL manually please check your spelling and try again., status: 404
2023-06-16 13:21:36,427 - app - ERROR - Error: 404 Not Found: The requested URL was not found on the server. If you entered the URL manually please check your spelling and try again., status: 404
2023-06-16 14:48:56,547 - app - ERROR - Error: 404 Not Found: The requested URL was not found on the server. If you entered the URL manually please check your spelling and try again., status: 404
2023-06-16 15:08:41,076 - app - ERROR - Error: 404 Not Found: The requested URL was not found on the server. If you entered the URL manually please check your spelling and try again., status: 404
2023-06-16 15:08:51,086 - app - ERROR - Error: 404 Not Found: The requested URL was not found on the server. If you entered the URL manually please check your spelling and try again., status: 404
2023-06-16 21:35:05,853 - app - ERROR - Error: 404 Not Found: The requested URL was not found on the server. If you entered the URL manually please check your spelling and try again., status: 404
2023-06-16 22:46:04,281 - app - ERROR - Error: 404 Not Found: The requested URL was not found on the server. If you entered the URL manually please check your spelling and try again., status: 404
2023-06-16 22:47:07,887 - app - ERROR - Error: 404 Not Found: The requested URL was not found on the server. If you entered the URL manually please check your spelling and try again., status: 404
2023-06-16 22:47:08,415 - app - ERROR - Error: 404 Not Found: The requested URL was not found on the server. If you entered the URL manually please check your spelling and try again., status: 404
2023-06-16 22:47:08,926 - app - ERROR - Error: 404 Not Found: The requested URL was not found on the server. If you entered the URL manually please check your spelling and try again., status: 404
2023-06-16 22:47:12,451 - app - ERROR - Error: 404 Not Found: The requested URL was not found on the server. If you entered the URL manually please check your spelling and try again., status: 404
2023-06-16 22:47:12,963 - app - ERROR - Error: 404 Not Found: The requested URL was not found on the server. If you entered the URL manually please check your spelling and try again., status: 404
2023-06-16 22:47:13,482 - app - ERROR - Error: 404 Not Found: The requested URL was not found on the server. If you entered the URL manually please check your spelling and try again., status: 404
2023-06-16 22:47:17,000 - app - ERROR - Error: 404 Not Found: The requested URL was not found on the server. If you entered the URL manually please check your spelling and try again., status: 404
2023-06-16 22:47:17,520 - app - ERROR - Error: 404 Not Found: The requested URL was not found on the server. If you entered the URL manually please check your spelling and try again., status: 404
2023-06-16 22:47:25,037 - app - ERROR - Error: 404 Not Found: The requested URL was not found on the server. If you entered the URL manually please check your spelling and try again., status: 404
2023-06-16 22:47:32,540 - app - ERROR - Error: 404 Not Found: The requested URL was not found on the server. If you entered the URL manually please check your spelling and try again., status: 404
2023-06-16 22:47:34,044 - app - ERROR - Error: 404 Not Found: The requested URL was not found on the server. If you entered the URL manually please check your spelling and try again., status: 404
2023-06-16 22:47:41,570 - app - ERROR - Error: 404 Not Found: The requested URL was not found on the server. If you entered the URL manually please check your spelling and try again., status: 404
2023-06-16 22:47:49,081 - app - ERROR - Error: 404 Not Found: The requested URL was not found on the server. If you entered the URL manually please check your spelling and try again., status: 404
2023-06-16 22:47:49,600 - app - ERROR - Error: 404 Not Found: The requested URL was not found on the server. If you entered the URL manually please check your spelling and try again., status: 404
2023-06-16 22:48:53,244 - app - ERROR - Error: 404 Not Found: The requested URL was not found on the server. If you entered the URL manually please check your spelling and try again., status: 404
2023-06-16 22:51:01,004 - app - ERROR - Error: 404 Not Found: The requested URL was not found on the server. If you entered the URL manually please check your spelling and try again., status: 404
2023-06-16 22:51:16,546 - app - ERROR - Error: 404 Not Found: The requested URL was not found on the server. If you entered the URL manually please check your spelling and try again., status: 404
2023-06-16 22:51:17,044 - app - ERROR - Error: 404 Not Found: The requested URL was not found on the server. If you entered the URL manually please check your spelling and try again., status: 404
2023-06-16 22:51:32,560 - app - ERROR - Error: 404 Not Found: The requested URL was not found on the server. If you entered the URL manually please check your spelling and try again., status: 404
2023-06-16 22:51:33,068 - app - ERROR - Error: 404 Not Found: The requested URL was not found on the server. If you entered the URL manually please check your spelling and try again., status: 404
2023-06-16 22:53:41,864 - app - ERROR - Error: 404 Not Found: The requested URL was not found on the server. If you entered the URL manually please check your spelling and try again., status: 404
2023-06-16 22:53:42,376 - app - ERROR - Error: 404 Not Found: The requested URL was not found on the server. If you entered the URL manually please check your spelling and try again., status: 404
2023-06-16 22:53:42,896 - app - ERROR - Error: 404 Not Found: The requested URL was not found on the server. If you entered the URL manually please check your spelling and try again., status: 404
2023-06-16 22:53:43,407 - app - ERROR - Error: 404 Not Found: The requested URL was not found on the server. If you entered the URL manually please check your spelling and try again., status: 404
2023-06-16 22:53:43,915 - app - ERROR - Error: 404 Not Found: The requested URL was not found on the server. If you entered the URL manually please check your spelling and try again., status: 404
2023-06-16 22:58:29,995 - app - ERROR - Error: 404 Not Found: The requested URL was not found on the server. If you entered the URL manually please check your spelling and try again., status: 404
2023-06-16 22:58:33,512 - app - ERROR - Error: 404 Not Found: The requested URL was not found on the server. If you entered the URL manually please check your spelling and try again., status: 404
2023-06-16 22:58:41,034 - app - ERROR - Error: 404 Not Found: The requested URL was not found on the server. If you entered the URL manually please check your spelling and try again., status: 404
2023-06-16 22:58:42,584 - app - ERROR - Error: 404 Not Found: The requested URL was not found on the server. If you entered the URL manually please check your spelling and try again., status: 404
2023-06-16 22:58:43,116 - app - ERROR - Error: 404 Not Found: The requested URL was not found on the server. If you entered the URL manually please check your spelling and try again., status: 404
2023-06-16 22:58:58,648 - app - ERROR - Error: 404 Not Found: The requested URL was not found on the server. If you entered the URL manually please check your spelling and try again., status: 404
2023-06-16 22:58:59,158 - app - ERROR - Error: 404 Not Found: The requested URL was not found on the server. If you entered the URL manually please check your spelling and try again., status: 404
2023-06-16 22:59:14,679 - app - ERROR - Error: 404 Not Found: The requested URL was not found on the server. If you entered the URL manually please check your spelling and try again., status: 404
2023-06-16 22:59:16,193 - app - ERROR - Error: 404 Not Found: The requested URL was not found on the server. If you entered the URL manually please check your spelling and try again., status: 404
2023-06-16 22:59:16,695 - app - ERROR - Error: 404 Not Found: The requested URL was not found on the server. If you entered the URL manually please check your spelling and try again., status: 404
2023-06-16 22:59:17,192 - app - ERROR - Error: 404 Not Found: The requested URL was not found on the server. If you entered the URL manually please check your spelling and try again., status: 404
2023-06-16 22:59:17,709 - app - ERROR - Error: 404 Not Found: The requested URL was not found on the server. If you entered the URL manually please check your spelling and try again., status: 404
2023-06-16 22:59:18,209 - app - ERROR - Error: 404 Not Found: The requested URL was not found on the server. If you entered the URL manually please check your spelling and try again., status: 404
2023-06-16 23:32:30,786 - app - ERROR - Error: 404 Not Found: The requested URL was not found on the server. If you entered the URL manually please check your spelling and try again., status: 404
2023-06-17 00:23:41,458 - app - ERROR - Error: 404 Not Found: The requested URL was not found on the server. If you entered the URL manually please check your spelling and try again., status: 404
2023-06-17 00:23:59,216 - app - ERROR - Error: 404 Not Found: The requested URL was not found on the server. If you entered the URL manually please check your spelling and try again., status: 404
2023-06-17 00:24:02,619 - app - ERROR - Error: 404 Not Found: The requested URL was not found on the server. If you entered the URL manually please check your spelling and try again., status: 404
2023-06-17 00:24:08,364 - app - ERROR - Error: 404 Not Found: The requested URL was not found on the server. If you entered the URL manually please check your spelling and try again., status: 404
2023-06-17 01:27:56,754 - app - ERROR - Error: 404 Not Found: The requested URL was not found on the server. If you entered the URL manually please check your spelling and try again., status: 404
2023-06-17 01:27:56,954 - app - ERROR - Error: 404 Not Found: The requested URL was not found on the server. If you entered the URL manually please check your spelling and try again., status: 404
2023-06-17 01:27:57,152 - app - ERROR - Error: 404 Not Found: The requested URL was not found on the server. If you entered the URL manually please check your spelling and try again., status: 404
2023-06-17 07:40:10,753 - app - ERROR - Error: 404 Not Found: The requested URL was not found on the server. If you entered the URL manually please check your spelling and try again., status: 404
2023-06-17 09:42:35,808 - app - ERROR - Error: 404 Not Found: The requested URL was not found on the server. If you entered the URL manually please check your spelling and try again., status: 404
2023-06-17 09:42:39,097 - app - ERROR - Error: 404 Not Found: The requested URL was not found on the server. If you entered the URL manually please check your spelling and try again., status: 404
2023-06-17 09:42:41,665 - app - ERROR - Error: 404 Not Found: The requested URL was not found on the server. If you entered the URL manually please check your spelling and try again., status: 404
2023-06-17 16:44:37,773 - app - ERROR - Error: 404 Not Found: The requested URL was not found on the server. If you entered the URL manually please check your spelling and try again., status: 404
2023-06-17 18:51:28,021 - app - ERROR - Error: 404 Not Found: The requested URL was not found on the server. If you entered the URL manually please check your spelling and try again., status: 404
2023-06-17 19:16:52,887 - app - ERROR - Error: 404 Not Found: The requested URL was not found on the server. If you entered the URL manually please check your spelling and try again., status: 404
2023-06-18 01:49:34,560 - app - ERROR - Error: 404 Not Found: The requested URL was not found on the server. If you entered the URL manually please check your spelling and try again., status: 404
2023-06-18 02:11:04,837 - app - ERROR - Error: 404 Not Found: The requested URL was not found on the server. If you entered the URL manually please check your spelling and try again., status: 404
2023-06-18 04:16:50,201 - app - ERROR - Error: 404 Not Found: The requested URL was not found on the server. If you entered the URL manually please check your spelling and try again., status: 404
2023-06-18 05:37:50,930 - app - ERROR - Error: 404 Not Found: The requested URL was not found on the server. If you entered the URL manually please check your spelling and try again., status: 404
2023-06-18 05:38:00,269 - app - ERROR - Error: 404 Not Found: The requested URL was not found on the server. If you entered the URL manually please check your spelling and try again., status: 404
2023-06-18 05:38:04,000 - app - ERROR - Error: 404 Not Found: The requested URL was not found on the server. If you entered the URL manually please check your spelling and try again., status: 404
2023-06-18 05:38:07,007 - app - ERROR - Error: 404 Not Found: The requested URL was not found on the server. If you entered the URL manually please check your spelling and try again., status: 404
2023-06-18 05:39:36,645 - app - ERROR - Error: 404 Not Found: The requested URL was not found on the server. If you entered the URL manually please check your spelling and try again., status: 404
2023-06-18 07:09:03,910 - app - ERROR - Error: 404 Not Found: The requested URL was not found on the server. If you entered the URL manually please check your spelling and try again., status: 404
2023-06-18 07:09:04,125 - app - ERROR - Error: 404 Not Found: The requested URL was not found on the server. If you entered the URL manually please check your spelling and try again., status: 404
2023-06-18 07:09:04,336 - app - ERROR - Error: 404 Not Found: The requested URL was not found on the server. If you entered the URL manually please check your spelling and try again., status: 404
2023-06-18 14:18:36,500 - app - ERROR - Error: 404 Not Found: The requested URL was not found on the server. If you entered the URL manually please check your spelling and try again., status: 404
2023-06-18 15:23:39,145 - app - ERROR - Error: 404 Not Found: The requested URL was not found on the server. If you entered the URL manually please check your spelling and try again., status: 404
2023-06-18 15:23:39,385 - app - ERROR - Error: 404 Not Found: The requested URL was not found on the server. If you entered the URL manually please check your spelling and try again., status: 404
2023-06-18 15:23:39,600 - app - ERROR - Error: 404 Not Found: The requested URL was not found on the server. If you entered the URL manually please check your spelling and try again., status: 404
2023-06-18 18:40:59,710 - app - ERROR - Error: 404 Not Found: The requested URL was not found on the server. If you entered the URL manually please check your spelling and try again., status: 404
2023-06-19 01:51:43,064 - app - ERROR - Error: 404 Not Found: The requested URL was not found on the server. If you entered the URL manually please check your spelling and try again., status: 404
2023-06-19 04:33:16,735 - app - ERROR - Error: 404 Not Found: The requested URL was not found on the server. If you entered the URL manually please check your spelling and try again., status: 404
2023-06-19 08:31:13,522 - app - ERROR - Error: 404 Not Found: The requested URL was not found on the server. If you entered the URL manually please check your spelling and try again., status: 404
2023-06-19 08:31:22,842 - app - ERROR - Error: 404 Not Found: The requested URL was not found on the server. If you entered the URL manually please check your spelling and try again., status: 404
2023-06-19 08:31:26,259 - app - ERROR - Error: 404 Not Found: The requested URL was not found on the server. If you entered the URL manually please check your spelling and try again., status: 404
2023-06-19 08:31:29,435 - app - ERROR - Error: 404 Not Found: The requested URL was not found on the server. If you entered the URL manually please check your spelling and try again., status: 404
2023-06-19 08:39:31,406 - app - ERROR - Error: 404 Not Found: The requested URL was not found on the server. If you entered the URL manually please check your spelling and try again., status: 404
2023-06-19 10:31:11,292 - app - ERROR - Error: 404 Not Found: The requested URL was not found on the server. If you entered the URL manually please check your spelling and try again., status: 404
2023-06-19 10:56:42,962 - app - ERROR - Error: 404 Not Found: The requested URL was not found on the server. If you entered the URL manually please check your spelling and try again., status: 404
2023-06-19 13:00:53,861 - app - ERROR - Error: 404 Not Found: The requested URL was not found on the server. If you entered the URL manually please check your spelling and try again., status: 404
2023-06-19 13:00:57,950 - app - ERROR - Error: 404 Not Found: The requested URL was not found on the server. If you entered the URL manually please check your spelling and try again., status: 404
2023-06-19 13:01:00,992 - app - ERROR - Error: 404 Not Found: The requested URL was not found on the server. If you entered the URL manually please check your spelling and try again., status: 404
2023-06-19 13:19:23,098 - app - ERROR - Error: 404 Not Found: The requested URL was not found on the server. If you entered the URL manually please check your spelling and try again., status: 404
2023-06-19 13:19:23,492 - app - ERROR - Error: 404 Not Found: The requested URL was not found on the server. If you entered the URL manually please check your spelling and try again., status: 404
2023-06-19 13:56:24,681 - app - ERROR - Error: 404 Not Found: The requested URL was not found on the server. If you entered the URL manually please check your spelling and try again., status: 404
2023-06-19 14:13:21,911 - app - ERROR - Error: 404 Not Found: The requested URL was not found on the server. If you entered the URL manually please check your spelling and try again., status: 404
2023-06-19 14:13:22,222 - app - ERROR - Error: 404 Not Found: The requested URL was not found on the server. If you entered the URL manually please check your spelling and try again., status: 404
2023-06-19 14:13:22,467 - app - ERROR - Error: 404 Not Found: The requested URL was not found on the server. If you entered the URL manually please check your spelling and try again., status: 404
2023-06-19 20:03:31,825 - app - ERROR - Error: 404 Not Found: The requested URL was not found on the server. If you entered the URL manually please check your spelling and try again., status: 404
2023-06-19 20:42:06,649 - app - ERROR - Error: 404 Not Found: The requested URL was not found on the server. If you entered the URL manually please check your spelling and try again., status: 404
2023-06-19 21:33:33,770 - app - ERROR - Error: 404 Not Found: The requested URL was not found on the server. If you entered the URL manually please check your spelling and try again., status: 404
2023-06-20 00:24:41,865 - app - ERROR - Error: 404 Not Found: The requested URL was not found on the server. If you entered the URL manually please check your spelling and try again., status: 404
2023-06-20 00:24:51,346 - app - ERROR - Error: 404 Not Found: The requested URL was not found on the server. If you entered the URL manually please check your spelling and try again., status: 404
2023-06-20 00:24:54,938 - app - ERROR - Error: 404 Not Found: The requested URL was not found on the server. If you entered the URL manually please check your spelling and try again., status: 404
2023-06-20 00:24:58,466 - app - ERROR - Error: 404 Not Found: The requested URL was not found on the server. If you entered the URL manually please check your spelling and try again., status: 404
2023-06-20 00:41:39,383 - app - ERROR - Error: 404 Not Found: The requested URL was not found on the server. If you entered the URL manually please check your spelling and try again., status: 404
2023-06-20 02:54:54,951 - app - ERROR - Error: 404 Not Found: The requested URL was not found on the server. If you entered the URL manually please check your spelling and try again., status: 404
2023-06-20 03:14:27,111 - app - ERROR - Error: 404 Not Found: The requested URL was not found on the server. If you entered the URL manually please check your spelling and try again., status: 404
2023-06-20 03:14:37,365 - app - ERROR - Error: 404 Not Found: The requested URL was not found on the server. If you entered the URL manually please check your spelling and try again., status: 404
2023-06-20 04:53:47,870 - app - ERROR - Error: 404 Not Found: The requested URL was not found on the server. If you entered the URL manually please check your spelling and try again., status: 404
2023-06-20 06:31:34,337 - app - ERROR - Error: 404 Not Found: The requested URL was not found on the server. If you entered the URL manually please check your spelling and try again., status: 404
2023-06-20 06:31:36,193 - app - ERROR - Error: 404 Not Found: The requested URL was not found on the server. If you entered the URL manually please check your spelling and try again., status: 404
2023-06-20 07:38:48,298 - app - ERROR - Error: 404 Not Found: The requested URL was not found on the server. If you entered the URL manually please check your spelling and try again., status: 404
2023-06-20 08:14:10,909 - app - ERROR - Error: 404 Not Found: The requested URL was not found on the server. If you entered the URL manually please check your spelling and try again., status: 404
2023-06-20 10:18:47,568 - app - ERROR - Error: 404 Not Found: The requested URL was not found on the server. If you entered the URL manually please check your spelling and try again., status: 404
2023-06-20 11:30:53,366 - app - ERROR - Error: 404 Not Found: The requested URL was not found on the server. If you entered the URL manually please check your spelling and try again., status: 404
2023-06-20 18:13:18,566 - app - ERROR - Error: 404 Not Found: The requested URL was not found on the server. If you entered the URL manually please check your spelling and try again., status: 404
2023-06-20 20:15:13,113 - app - ERROR - Error: 404 Not Found: The requested URL was not found on the server. If you entered the URL manually please check your spelling and try again., status: 404
2023-06-20 21:03:22,859 - app - ERROR - Error: 404 Not Found: The requested URL was not found on the server. If you entered the URL manually please check your spelling and try again., status: 404
2023-06-20 21:19:31,077 - app - ERROR - Error: 404 Not Found: The requested URL was not found on the server. If you entered the URL manually please check your spelling and try again., status: 404
2023-06-20 21:19:31,081 - app - ERROR - Error: 404 Not Found: The requested URL was not found on the server. If you entered the URL manually please check your spelling and try again., status: 404
2023-06-20 21:19:31,083 - app - ERROR - Error: 404 Not Found: The requested URL was not found on the server. If you entered the URL manually please check your spelling and try again., status: 404
2023-06-20 22:39:27,542 - app - ERROR - Error: 404 Not Found: The requested URL was not found on the server. If you entered the URL manually please check your spelling and try again., status: 404
2023-06-21 00:29:49,121 - app - ERROR - Error: 404 Not Found: The requested URL was not found on the server. If you entered the URL manually please check your spelling and try again., status: 404
2023-06-21 00:29:49,826 - app - ERROR - Error: 404 Not Found: The requested URL was not found on the server. If you entered the URL manually please check your spelling and try again., status: 404
2023-06-21 00:29:50,435 - app - ERROR - Error: 404 Not Found: The requested URL was not found on the server. If you entered the URL manually please check your spelling and try again., status: 404
2023-06-21 00:29:51,006 - app - ERROR - Error: 404 Not Found: The requested URL was not found on the server. If you entered the URL manually please check your spelling and try again., status: 404
2023-06-21 04:11:39,743 - app - ERROR - Error: 404 Not Found: The requested URL was not found on the server. If you entered the URL manually please check your spelling and try again., status: 404
2023-06-21 04:19:08,157 - app - ERROR - Error: 404 Not Found: The requested URL was not found on the server. If you entered the URL manually please check your spelling and try again., status: 404
2023-06-21 06:52:08,601 - app - ERROR - Error: 404 Not Found: The requested URL was not found on the server. If you entered the URL manually please check your spelling and try again., status: 404
2023-06-21 07:18:32,646 - app - ERROR - Error: 404 Not Found: The requested URL was not found on the server. If you entered the URL manually please check your spelling and try again., status: 404
2023-06-21 08:41:00,461 - app - ERROR - Error: 404 Not Found: The requested URL was not found on the server. If you entered the URL manually please check your spelling and try again., status: 404
2023-06-21 11:00:21,764 - app - ERROR - Error: 404 Not Found: The requested URL was not found on the server. If you entered the URL manually please check your spelling and try again., status: 404
2023-06-21 11:00:39,753 - app - ERROR - Error: 404 Not Found: The requested URL was not found on the server. If you entered the URL manually please check your spelling and try again., status: 404
2023-06-21 11:00:42,410 - app - ERROR - Error: 404 Not Found: The requested URL was not found on the server. If you entered the URL manually please check your spelling and try again., status: 404
2023-06-21 11:00:45,373 - app - ERROR - Error: 404 Not Found: The requested URL was not found on the server. If you entered the URL manually please check your spelling and try again., status: 404
2023-06-21 12:51:17,518 - app - ERROR - Error: 404 Not Found: The requested URL was not found on the server. If you entered the URL manually please check your spelling and try again., status: 404
2023-06-21 13:02:45,244 - app - ERROR - Error: 404 Not Found: The requested URL was not found on the server. If you entered the URL manually please check your spelling and try again., status: 404
2023-06-21 13:14:04,427 - app - ERROR - Error: 404 Not Found: The requested URL was not found on the server. If you entered the URL manually please check your spelling and try again., status: 404
2023-06-21 16:53:46,505 - app - ERROR - Error: 404 Not Found: The requested URL was not found on the server. If you entered the URL manually please check your spelling and try again., status: 404
2023-06-21 19:12:17,965 - app - ERROR - Error: 404 Not Found: The requested URL was not found on the server. If you entered the URL manually please check your spelling and try again., status: 404
2023-06-21 19:12:18,001 - app - ERROR - Error: 404 Not Found: The requested URL was not found on the server. If you entered the URL manually please check your spelling and try again., status: 404
2023-06-21 19:12:18,037 - app - ERROR - Error: 404 Not Found: The requested URL was not found on the server. If you entered the URL manually please check your spelling and try again., status: 404
2023-06-21 20:07:00,640 - app - ERROR - Error: 404 Not Found: The requested URL was not found on the server. If you entered the URL manually please check your spelling and try again., status: 404
2023-06-21 22:56:31,148 - app - ERROR - Error: 404 Not Found: The requested URL was not found on the server. If you entered the URL manually please check your spelling and try again., status: 404
2023-06-21 22:56:32,050 - app - ERROR - Error: 404 Not Found: The requested URL was not found on the server. If you entered the URL manually please check your spelling and try again., status: 404
2023-06-21 22:56:34,036 - app - ERROR - Error: 404 Not Found: The requested URL was not found on the server. If you entered the URL manually please check your spelling and try again., status: 404
2023-06-21 22:59:26,686 - app - ERROR - Error: 404 Not Found: The requested URL was not found on the server. If you entered the URL manually please check your spelling and try again., status: 404
2023-06-21 22:59:26,977 - app - ERROR - Error: 404 Not Found: The requested URL was not found on the server. If you entered the URL manually please check your spelling and try again., status: 404
2023-06-21 22:59:27,190 - app - ERROR - Error: 404 Not Found: The requested URL was not found on the server. If you entered the URL manually please check your spelling and try again., status: 404
2023-06-22 01:33:42,582 - app - ERROR - Error: 404 Not Found: The requested URL was not found on the server. If you entered the URL manually please check your spelling and try again., status: 404
2023-06-22 02:24:51,210 - app - ERROR - Error: 404 Not Found: The requested URL was not found on the server. If you entered the URL manually please check your spelling and try again., status: 404
2023-06-22 02:25:01,943 - app - ERROR - Error: 404 Not Found: The requested URL was not found on the server. If you entered the URL manually please check your spelling and try again., status: 404
2023-06-22 02:25:39,591 - app - ERROR - Error: 404 Not Found: The requested URL was not found on the server. If you entered the URL manually please check your spelling and try again., status: 404
2023-06-22 02:25:48,442 - app - ERROR - Error: 404 Not Found: The requested URL was not found on the server. If you entered the URL manually please check your spelling and try again., status: 404
2023-06-22 03:31:41,026 - app - ERROR - Error: 404 Not Found: The requested URL was not found on the server. If you entered the URL manually please check your spelling and try again., status: 404
2023-06-22 03:31:41,254 - app - ERROR - Error: 404 Not Found: The requested URL was not found on the server. If you entered the URL manually please check your spelling and try again., status: 404
2023-06-22 03:31:41,467 - app - ERROR - Error: 404 Not Found: The requested URL was not found on the server. If you entered the URL manually please check your spelling and try again., status: 404
2023-06-22 03:38:25,023 - app - ERROR - Error: 404 Not Found: The requested URL was not found on the server. If you entered the URL manually please check your spelling and try again., status: 404
2023-06-22 05:50:09,734 - app - ERROR - Error: 404 Not Found: The requested URL was not found on the server. If you entered the URL manually please check your spelling and try again., status: 404
2023-06-22 05:50:19,435 - app - ERROR - Error: 404 Not Found: The requested URL was not found on the server. If you entered the URL manually please check your spelling and try again., status: 404
2023-06-22 05:50:23,586 - app - ERROR - Error: 404 Not Found: The requested URL was not found on the server. If you entered the URL manually please check your spelling and try again., status: 404
2023-06-22 05:50:26,538 - app - ERROR - Error: 404 Not Found: The requested URL was not found on the server. If you entered the URL manually please check your spelling and try again., status: 404
2023-06-22 06:33:04,607 - app - ERROR - Error: 404 Not Found: The requested URL was not found on the server. If you entered the URL manually please check your spelling and try again., status: 404
2023-06-22 09:08:22,670 - app - ERROR - Error: 404 Not Found: The requested URL was not found on the server. If you entered the URL manually please check your spelling and try again., status: 404
2023-06-22 09:08:27,801 - app - ERROR - Error: 404 Not Found: The requested URL was not found on the server. If you entered the URL manually please check your spelling and try again., status: 404
2023-06-22 09:08:33,447 - app - ERROR - Error: 404 Not Found: The requested URL was not found on the server. If you entered the URL manually please check your spelling and try again., status: 404
2023-06-22 09:09:04,225 - app - ERROR - Error: 404 Not Found: The requested URL was not found on the server. If you entered the URL manually please check your spelling and try again., status: 404
2023-06-22 09:09:04,227 - app - ERROR - Error: 404 Not Found: The requested URL was not found on the server. If you entered the URL manually please check your spelling and try again., status: 404
2023-06-22 09:09:04,419 - app - ERROR - Error: 404 Not Found: The requested URL was not found on the server. If you entered the URL manually please check your spelling and try again., status: 404
2023-06-22 09:09:04,420 - app - ERROR - Error: 404 Not Found: The requested URL was not found on the server. If you entered the URL manually please check your spelling and try again., status: 404
2023-06-22 09:09:04,672 - app - ERROR - Error: 404 Not Found: The requested URL was not found on the server. If you entered the URL manually please check your spelling and try again., status: 404
2023-06-22 09:09:05,216 - app - ERROR - Error: 404 Not Found: The requested URL was not found on the server. If you entered the URL manually please check your spelling and try again., status: 404
2023-06-22 09:09:05,224 - app - ERROR - Error: 404 Not Found: The requested URL was not found on the server. If you entered the URL manually please check your spelling and try again., status: 404
2023-06-22 09:09:05,264 - app - ERROR - Error: 404 Not Found: The requested URL was not found on the server. If you entered the URL manually please check your spelling and try again., status: 404
2023-06-22 09:09:05,265 - app - ERROR - Error: 404 Not Found: The requested URL was not found on the server. If you entered the URL manually please check your spelling and try again., status: 404
2023-06-22 09:09:05,385 - app - ERROR - Error: 404 Not Found: The requested URL was not found on the server. If you entered the URL manually please check your spelling and try again., status: 404
2023-06-22 09:09:10,467 - app - ERROR - Error: 404 Not Found: The requested URL was not found on the server. If you entered the URL manually please check your spelling and try again., status: 404
2023-06-22 09:09:10,468 - app - ERROR - Error: 404 Not Found: The requested URL was not found on the server. If you entered the URL manually please check your spelling and try again., status: 404
2023-06-22 09:09:10,468 - app - ERROR - Error: 404 Not Found: The requested URL was not found on the server. If you entered the URL manually please check your spelling and try again., status: 404
2023-06-22 09:09:10,469 - app - ERROR - Error: 404 Not Found: The requested URL was not found on the server. If you entered the URL manually please check your spelling and try again., status: 404
2023-06-22 09:09:10,470 - app - ERROR - Error: 404 Not Found: The requested URL was not found on the server. If you entered the URL manually please check your spelling and try again., status: 404
2023-06-22 09:09:10,470 - app - ERROR - Error: 404 Not Found: The requested URL was not found on the server. If you entered the URL manually please check your spelling and try again., status: 404
2023-06-22 09:09:10,471 - app - ERROR - Error: 404 Not Found: The requested URL was not found on the server. If you entered the URL manually please check your spelling and try again., status: 404
2023-06-22 09:09:10,701 - app - ERROR - Error: 404 Not Found: The requested URL was not found on the server. If you entered the URL manually please check your spelling and try again., status: 404
2023-06-22 09:09:10,703 - app - ERROR - Error: 404 Not Found: The requested URL was not found on the server. If you entered the URL manually please check your spelling and try again., status: 404
2023-06-22 09:09:10,704 - app - ERROR - Error: 404 Not Found: The requested URL was not found on the server. If you entered the URL manually please check your spelling and try again., status: 404
2023-06-22 09:09:10,868 - app - ERROR - Error: 404 Not Found: The requested URL was not found on the server. If you entered the URL manually please check your spelling and try again., status: 404
2023-06-22 09:09:10,869 - app - ERROR - Error: 404 Not Found: The requested URL was not found on the server. If you entered the URL manually please check your spelling and try again., status: 404
2023-06-22 09:09:11,163 - app - ERROR - Error: 404 Not Found: The requested URL was not found on the server. If you entered the URL manually please check your spelling and try again., status: 404
2023-06-22 09:09:11,443 - app - ERROR - Error: 404 Not Found: The requested URL was not found on the server. If you entered the URL manually please check your spelling and try again., status: 404
2023-06-22 09:09:11,775 - app - ERROR - Error: 404 Not Found: The requested URL was not found on the server. If you entered the URL manually please check your spelling and try again., status: 404
2023-06-22 09:09:11,925 - app - ERROR - Error: 404 Not Found: The requested URL was not found on the server. If you entered the URL manually please check your spelling and try again., status: 404
2023-06-22 09:09:12,194 - app - ERROR - Error: 404 Not Found: The requested URL was not found on the server. If you entered the URL manually please check your spelling and try again., status: 404
2023-06-22 09:09:12,501 - app - ERROR - Error: 404 Not Found: The requested URL was not found on the server. If you entered the URL manually please check your spelling and try again., status: 404
2023-06-22 09:09:12,605 - app - ERROR - Error: 404 Not Found: The requested URL was not found on the server. If you entered the URL manually please check your spelling and try again., status: 404
2023-06-22 09:09:12,835 - app - ERROR - Error: 404 Not Found: The requested URL was not found on the server. If you entered the URL manually please check your spelling and try again., status: 404
2023-06-22 09:09:12,996 - app - ERROR - Error: 404 Not Found: The requested URL was not found on the server. If you entered the URL manually please check your spelling and try again., status: 404
2023-06-22 09:09:13,267 - app - ERROR - Error: 404 Not Found: The requested URL was not found on the server. If you entered the URL manually please check your spelling and try again., status: 404
2023-06-22 09:09:13,619 - app - ERROR - Error: 404 Not Found: The requested URL was not found on the server. If you entered the URL manually please check your spelling and try again., status: 404
2023-06-22 09:09:13,785 - app - ERROR - Error: 404 Not Found: The requested URL was not found on the server. If you entered the URL manually please check your spelling and try again., status: 404
2023-06-22 09:09:14,077 - app - ERROR - Error: 404 Not Found: The requested URL was not found on the server. If you entered the URL manually please check your spelling and try again., status: 404
2023-06-22 09:09:14,237 - app - ERROR - Error: 404 Not Found: The requested URL was not found on the server. If you entered the URL manually please check your spelling and try again., status: 404
2023-06-22 09:09:14,516 - app - ERROR - Error: 404 Not Found: The requested URL was not found on the server. If you entered the URL manually please check your spelling and try again., status: 404
2023-06-22 09:09:14,681 - app - ERROR - Error: 404 Not Found: The requested URL was not found on the server. If you entered the URL manually please check your spelling and try again., status: 404
2023-06-22 09:09:14,861 - app - ERROR - Error: 404 Not Found: The requested URL was not found on the server. If you entered the URL manually please check your spelling and try again., status: 404
2023-06-22 09:09:15,022 - app - ERROR - Error: 404 Not Found: The requested URL was not found on the server. If you entered the URL manually please check your spelling and try again., status: 404
2023-06-22 09:09:15,167 - app - ERROR - Error: 404 Not Found: The requested URL was not found on the server. If you entered the URL manually please check your spelling and try again., status: 404
2023-06-22 09:09:15,321 - app - ERROR - Error: 404 Not Found: The requested URL was not found on the server. If you entered the URL manually please check your spelling and try again., status: 404
2023-06-22 09:09:15,475 - app - ERROR - Error: 404 Not Found: The requested URL was not found on the server. If you entered the URL manually please check your spelling and try again., status: 404
2023-06-22 09:09:15,631 - app - ERROR - Error: 404 Not Found: The requested URL was not found on the server. If you entered the URL manually please check your spelling and try again., status: 404
2023-06-22 09:09:15,794 - app - ERROR - Error: 404 Not Found: The requested URL was not found on the server. If you entered the URL manually please check your spelling and try again., status: 404
2023-06-22 09:09:15,951 - app - ERROR - Error: 404 Not Found: The requested URL was not found on the server. If you entered the URL manually please check your spelling and try again., status: 404
2023-06-22 09:09:16,099 - app - ERROR - Error: 404 Not Found: The requested URL was not found on the server. If you entered the URL manually please check your spelling and try again., status: 404
2023-06-22 09:09:16,255 - app - ERROR - Error: 404 Not Found: The requested URL was not found on the server. If you entered the URL manually please check your spelling and try again., status: 404
2023-06-22 09:09:16,406 - app - ERROR - Error: 404 Not Found: The requested URL was not found on the server. If you entered the URL manually please check your spelling and try again., status: 404
2023-06-22 09:09:16,557 - app - ERROR - Error: 404 Not Found: The requested URL was not found on the server. If you entered the URL manually please check your spelling and try again., status: 404
2023-06-22 09:09:16,713 - app - ERROR - Error: 404 Not Found: The requested URL was not found on the server. If you entered the URL manually please check your spelling and try again., status: 404
2023-06-22 09:09:16,870 - app - ERROR - Error: 404 Not Found: The requested URL was not found on the server. If you entered the URL manually please check your spelling and try again., status: 404
2023-06-22 09:09:17,030 - app - ERROR - Error: 404 Not Found: The requested URL was not found on the server. If you entered the URL manually please check your spelling and try again., status: 404
2023-06-22 09:09:17,194 - app - ERROR - Error: 404 Not Found: The requested URL was not found on the server. If you entered the URL manually please check your spelling and try again., status: 404
2023-06-22 09:09:17,346 - app - ERROR - Error: 404 Not Found: The requested URL was not found on the server. If you entered the URL manually please check your spelling and try again., status: 404
2023-06-22 09:09:17,501 - app - ERROR - Error: 404 Not Found: The requested URL was not found on the server. If you entered the URL manually please check your spelling and try again., status: 404
2023-06-22 09:09:17,657 - app - ERROR - Error: 404 Not Found: The requested URL was not found on the server. If you entered the URL manually please check your spelling and try again., status: 404
2023-06-22 09:09:17,813 - app - ERROR - Error: 404 Not Found: The requested URL was not found on the server. If you entered the URL manually please check your spelling and try again., status: 404
2023-06-22 09:09:17,968 - app - ERROR - Error: 404 Not Found: The requested URL was not found on the server. If you entered the URL manually please check your spelling and try again., status: 404
2023-06-22 09:09:18,124 - app - ERROR - Error: 404 Not Found: The requested URL was not found on the server. If you entered the URL manually please check your spelling and try again., status: 404
2023-06-22 09:09:18,282 - app - ERROR - Error: 404 Not Found: The requested URL was not found on the server. If you entered the URL manually please check your spelling and try again., status: 404
2023-06-22 09:09:18,438 - app - ERROR - Error: 404 Not Found: The requested URL was not found on the server. If you entered the URL manually please check your spelling and try again., status: 404
2023-06-22 09:09:18,594 - app - ERROR - Error: 404 Not Found: The requested URL was not found on the server. If you entered the URL manually please check your spelling and try again., status: 404
2023-06-22 09:09:18,743 - app - ERROR - Error: 404 Not Found: The requested URL was not found on the server. If you entered the URL manually please check your spelling and try again., status: 404
2023-06-22 09:09:18,834 - app - ERROR - Error: 404 Not Found: The requested URL was not found on the server. If you entered the URL manually please check your spelling and try again., status: 404
2023-06-22 09:09:18,874 - app - ERROR - Error: 404 Not Found: The requested URL was not found on the server. If you entered the URL manually please check your spelling and try again., status: 404
2023-06-22 09:09:18,914 - app - ERROR - Error: 404 Not Found: The requested URL was not found on the server. If you entered the URL manually please check your spelling and try again., status: 404
2023-06-22 09:09:18,961 - app - ERROR - Error: 404 Not Found: The requested URL was not found on the server. If you entered the URL manually please check your spelling and try again., status: 404
2023-06-22 09:09:18,999 - app - ERROR - Error: 404 Not Found: The requested URL was not found on the server. If you entered the URL manually please check your spelling and try again., status: 404
2023-06-22 09:09:19,040 - app - ERROR - Error: 404 Not Found: The requested URL was not found on the server. If you entered the URL manually please check your spelling and try again., status: 404
2023-06-22 09:09:19,087 - app - ERROR - Error: 404 Not Found: The requested URL was not found on the server. If you entered the URL manually please check your spelling and try again., status: 404
2023-06-22 09:09:19,127 - app - ERROR - Error: 404 Not Found: The requested URL was not found on the server. If you entered the URL manually please check your spelling and try again., status: 404
2023-06-22 09:09:19,162 - app - ERROR - Error: 404 Not Found: The requested URL was not found on the server. If you entered the URL manually please check your spelling and try again., status: 404
2023-06-22 09:09:19,201 - app - ERROR - Error: 404 Not Found: The requested URL was not found on the server. If you entered the URL manually please check your spelling and try again., status: 404
2023-06-22 09:09:19,234 - app - ERROR - Error: 404 Not Found: The requested URL was not found on the server. If you entered the URL manually please check your spelling and try again., status: 404
2023-06-22 09:09:19,267 - app - ERROR - Error: 404 Not Found: The requested URL was not found on the server. If you entered the URL manually please check your spelling and try again., status: 404
2023-06-22 09:09:19,305 - app - ERROR - Error: 404 Not Found: The requested URL was not found on the server. If you entered the URL manually please check your spelling and try again., status: 404
2023-06-22 09:09:19,343 - app - ERROR - Error: 404 Not Found: The requested URL was not found on the server. If you entered the URL manually please check your spelling and try again., status: 404
2023-06-22 09:09:19,385 - app - ERROR - Error: 404 Not Found: The requested URL was not found on the server. If you entered the URL manually please check your spelling and try again., status: 404
2023-06-22 09:09:19,428 - app - ERROR - Error: 404 Not Found: The requested URL was not found on the server. If you entered the URL manually please check your spelling and try again., status: 404
2023-06-22 09:09:19,464 - app - ERROR - Error: 404 Not Found: The requested URL was not found on the server. If you entered the URL manually please check your spelling and try again., status: 404
2023-06-22 09:09:19,515 - app - ERROR - Error: 404 Not Found: The requested URL was not found on the server. If you entered the URL manually please check your spelling and try again., status: 404
2023-06-22 09:09:19,570 - app - ERROR - Error: 404 Not Found: The requested URL was not found on the server. If you entered the URL manually please check your spelling and try again., status: 404
2023-06-22 09:09:19,616 - app - ERROR - Error: 404 Not Found: The requested URL was not found on the server. If you entered the URL manually please check your spelling and try again., status: 404
2023-06-22 09:09:19,657 - app - ERROR - Error: 404 Not Found: The requested URL was not found on the server. If you entered the URL manually please check your spelling and try again., status: 404
2023-06-22 09:09:19,707 - app - ERROR - Error: 404 Not Found: The requested URL was not found on the server. If you entered the URL manually please check your spelling and try again., status: 404
2023-06-22 09:09:19,752 - app - ERROR - Error: 404 Not Found: The requested URL was not found on the server. If you entered the URL manually please check your spelling and try again., status: 404
2023-06-22 09:09:19,790 - app - ERROR - Error: 404 Not Found: The requested URL was not found on the server. If you entered the URL manually please check your spelling and try again., status: 404
2023-06-22 09:09:19,841 - app - ERROR - Error: 404 Not Found: The requested URL was not found on the server. If you entered the URL manually please check your spelling and try again., status: 404
2023-06-22 09:09:19,921 - app - ERROR - Error: 404 Not Found: The requested URL was not found on the server. If you entered the URL manually please check your spelling and try again., status: 404
2023-06-22 09:09:20,368 - app - ERROR - Error: 404 Not Found: The requested URL was not found on the server. If you entered the URL manually please check your spelling and try again., status: 404
2023-06-22 10:12:48,955 - app - ERROR - Error: 404 Not Found: The requested URL was not found on the server. If you entered the URL manually please check your spelling and try again., status: 404
2023-06-22 11:01:43,672 - app - ERROR - Error: 404 Not Found: The requested URL was not found on the server. If you entered the URL manually please check your spelling and try again., status: 404
2023-06-22 13:53:54,389 - app - ERROR - Error: 404 Not Found: The requested URL was not found on the server. If you entered the URL manually please check your spelling and try again., status: 404
2023-06-22 19:55:23,493 - app - ERROR - Error: 404 Not Found: The requested URL was not found on the server. If you entered the URL manually please check your spelling and try again., status: 404
2023-06-22 19:55:33,715 - app - ERROR - Error: 404 Not Found: The requested URL was not found on the server. If you entered the URL manually please check your spelling and try again., status: 404
2023-06-23 00:13:46,282 - app - ERROR - Error: 404 Not Found: The requested URL was not found on the server. If you entered the URL manually please check your spelling and try again., status: 404
2023-06-23 00:56:11,973 - app - ERROR - Error: 404 Not Found: The requested URL was not found on the server. If you entered the URL manually please check your spelling and try again., status: 404
2023-06-23 03:05:40,025 - app - ERROR - Error: 404 Not Found: The requested URL was not found on the server. If you entered the URL manually please check your spelling and try again., status: 404
2023-06-23 04:15:47,638 - app - ERROR - Error: 404 Not Found: The requested URL was not found on the server. If you entered the URL manually please check your spelling and try again., status: 404
2023-06-23 08:18:03,169 - app - ERROR - Error: 404 Not Found: The requested URL was not found on the server. If you entered the URL manually please check your spelling and try again., status: 404
2023-06-23 11:15:00,661 - app - ERROR - Error: 404 Not Found: The requested URL was not found on the server. If you entered the URL manually please check your spelling and try again., status: 404
2023-06-23 11:15:19,213 - app - ERROR - Error: 404 Not Found: The requested URL was not found on the server. If you entered the URL manually please check your spelling and try again., status: 404
2023-06-23 11:15:26,528 - app - ERROR - Error: 404 Not Found: The requested URL was not found on the server. If you entered the URL manually please check your spelling and try again., status: 404
2023-06-23 11:15:29,652 - app - ERROR - Error: 404 Not Found: The requested URL was not found on the server. If you entered the URL manually please check your spelling and try again., status: 404
2023-06-23 14:40:28,908 - app - ERROR - Error: 404 Not Found: The requested URL was not found on the server. If you entered the URL manually please check your spelling and try again., status: 404
2023-06-23 16:58:00,369 - app - ERROR - Error: 404 Not Found: The requested URL was not found on the server. If you entered the URL manually please check your spelling and try again., status: 404
2023-06-23 18:22:33,242 - app - INFO - Flask app logging is set up.
2023-06-23 18:22:33,248 - app - INFO - Flask app logging is set up.
2023-06-23 18:22:33,248 - app - INFO - Flask app logging is set up.
2023-06-23 18:22:33,323 - app - INFO - Flask app logging is set up.
2023-06-23 18:29:22,682 - app - ERROR - Exception on /api/generateStrategy [POST]
Traceback (most recent call last):
  File "/var/www/html/app/env/lib/python3.10/site-packages/flask/app.py", line 2190, in wsgi_app
    response = self.full_dispatch_request()
  File "/var/www/html/app/env/lib/python3.10/site-packages/flask/app.py", line 1486, in full_dispatch_request
    rv = self.handle_user_exception(e)
  File "/var/www/html/app/env/lib/python3.10/site-packages/flask/app.py", line 1484, in full_dispatch_request
    rv = self.dispatch_request()
  File "/var/www/html/app/env/lib/python3.10/site-packages/flask/app.py", line 1469, in dispatch_request
    return self.ensure_sync(self.view_functions[rule.endpoint])(**view_args)
  File "/var/www/html/app/app.py", line 196, in generateStrategy
    interview_result = supabase.table('interviews').select('id, brand_name').eq('id', interview_id).execute()
  File "/var/www/html/app/env/lib/python3.10/site-packages/postgrest_py/request_builder.py", line 69, in eq
    return self.filter(column, "eq", sanitize_param(value))
  File "/var/www/html/app/env/lib/python3.10/site-packages/postgrest_py/utils.py", line 3, in sanitize_param
    if any(char in param for char in reserved_chars):
  File "/var/www/html/app/env/lib/python3.10/site-packages/postgrest_py/utils.py", line 3, in <genexpr>
    if any(char in param for char in reserved_chars):
TypeError: argument of type 'NoneType' is not iterable
2023-06-23 18:29:22,685 - app - ERROR - Error: 500 Internal Server Error: The server encountered an internal error and was unable to complete your request. Either the server is overloaded or there is an error in the application., status: 500
2023-06-23 18:35:00,186 - app - INFO - Flask app logging is set up.
2023-06-23 18:35:02,014 - app - INFO - Flask app logging is set up.
2023-06-23 18:51:04,616 - app - INFO - Flask app logging is set up.
2023-06-23 19:03:07,225 - app - INFO - Flask app logging is set up.
2023-06-23 19:04:24,505 - app - INFO - Flask app logging is set up.
2023-06-23 19:05:41,691 - app - INFO - Flask app logging is set up.
2023-06-23 19:07:23,512 - app - INFO - Flask app logging is set up.
2023-06-23 19:07:25,186 - app - INFO - Flask app logging is set up.
2023-06-23 19:10:54,000 - app - INFO - Flask app logging is set up.
2023-06-23 19:11:03,516 - app - INFO - Flask app logging is set up.
2023-06-23 19:14:02,179 - app - INFO - Flask app logging is set up.
2023-06-23 19:14:27,738 - app - INFO - Flask app logging is set up.
2023-06-23 19:15:58,150 - app - INFO - Flask app logging is set up.
2023-06-23 19:17:40,667 - app - INFO - Flask app logging is set up.
